# JRE version: OpenJDK Runtime Environment (8.0_76-b03) (build 1.8.0_76-release-b03)
# Java VM: OpenJDK 64-Bit Server VM (25.76-b03 mixed mode windows-amd64 compressed oops)
Heap:
 PSYoungGen      total 306688K, used 35743K [0x00000000eab00000, 0x0000000100000000, 0x0000000100000000)
  eden space 283136K, 4% used [0x00000000eab00000,0x00000000eb6fa800,0x00000000fbf80000)
  from space 23552K, 99% used [0x00000000fbf80000,0x00000000fd66d6b0,0x00000000fd680000)
  to   space 35328K, 0% used [0x00000000fdd80000,0x00000000fdd80000,0x0000000100000000)
 ParOldGen       total 83456K, used 43854K [0x00000000c0000000, 0x00000000c5180000, 0x00000000eab00000)
  object space 83456K, 52% used [0x00000000c0000000,0x00000000c2ad3998,0x00000000c5180000)
 Metaspace       used 69186K, capacity 71796K, committed 73904K, reserved 1114112K
  class space    used 8708K, capacity 9164K, committed 9904K, reserved 1048576K
GC Heap History (10 events):
Event: 6844.961 GC heap before
{Heap before GC invocations=23 (full 5):
 PSYoungGen      total 299008K, used 297984K [0x00000000eab00000, 0x0000000100000000, 0x0000000100000000)
  eden space 297984K, 100% used [0x00000000eab00000,0x00000000fce00000,0x00000000fce00000)
  from space 1024K, 0% used [0x00000000fce00000,0x00000000fce00000,0x00000000fcf00000)
  to   space 26112K, 0% used [0x00000000fe680000,0x00000000fe680000,0x0000000100000000)
 ParOldGen       total 83456K, used 33168K [0x00000000c0000000, 0x00000000c5180000, 0x00000000eab00000)
  object space 83456K, 39% used [0x00000000c0000000,0x00000000c20640b0,0x00000000c5180000)
 Metaspace       used 68097K, capacity 70134K, committed 73904K, reserved 1114112K
  class space    used 8601K, capacity 8944K, committed 9904K, reserved 1048576K
Event: 6845.220 GC heap after
Heap after GC invocations=23 (full 5):
 PSYoungGen      total 309760K, used 26096K [0x00000000eab00000, 0x0000000100000000, 0x0000000100000000)
  eden space 283648K, 0% used [0x00000000eab00000,0x00000000eab00000,0x00000000fc000000)
  from space 26112K, 99% used [0x00000000fe680000,0x00000000ffffc248,0x0000000100000000)
  to   space 32768K, 0% used [0x00000000fc000000,0x00000000fc000000,0x00000000fe000000)
 ParOldGen       total 83456K, used 39600K [0x00000000c0000000, 0x00000000c5180000, 0x00000000eab00000)
  object space 83456K, 47% used [0x00000000c0000000,0x00000000c26ac398,0x00000000c5180000)
 Metaspace       used 68097K, capacity 70134K, committed 73904K, reserved 1114112K
  class space    used 8601K, capacity 8944K, committed 9904K, reserved 1048576K
}
Event: 6848.490 GC heap before
{Heap before GC invocations=24 (full 5):
 PSYoungGen      total 309760K, used 79023K [0x00000000eab00000, 0x0000000100000000, 0x0000000100000000)
  eden space 283648K, 18% used [0x00000000eab00000,0x00000000edeafc78,0x00000000fc000000)
  from space 26112K, 99% used [0x00000000fe680000,0x00000000ffffc248,0x0000000100000000)
  to   space 32768K, 0% used [0x00000000fc000000,0x00000000fc000000,0x00000000fe000000)
 ParOldGen       total 83456K, used 39600K [0x00000000c0000000, 0x00000000c5180000, 0x00000000eab00000)
  object space 83456K, 47% used [0x00000000c0000000,0x00000000c26ac398,0x00000000c5180000)
 Metaspace       used 68266K, capacity 70436K, committed 73904K, reserved 1114112K
  class space    used 8619K, capacity 9026K, committed 9904K, reserved 1048576K
Event: 6848.512 GC heap after
Heap after GC invocations=24 (full 5):
 PSYoungGen      total 303104K, used 19080K [0x00000000eab00000, 0x0000000100000000, 0x0000000100000000)
  eden space 283648K, 0% used [0x00000000eab00000,0x00000000eab00000,0x00000000fc000000)
  from space 19456K, 98% used [0x00000000fc000000,0x00000000fd2a23d8,0x00000000fd300000)
  to   space 33280K, 0% used [0x00000000fdf80000,0x00000000fdf80000,0x0000000100000000)
 ParOldGen       total 83456K, used 39600K [0x00000000c0000000, 0x00000000c5180000, 0x00000000eab00000)
  object space 83456K, 47% used [0x00000000c0000000,0x00000000c26ac398,0x00000000c5180000)
 Metaspace       used 68266K, capacity 70436K, committed 73904K, reserved 1114112K
  class space    used 8619K, capacity 9026K, committed 9904K, reserved 1048576K
}
Event: 6848.512 GC heap before
{Heap before GC invocations=25 (full 6):
 PSYoungGen      total 303104K, used 19080K [0x00000000eab00000, 0x0000000100000000, 0x0000000100000000)
  eden space 283648K, 0% used [0x00000000eab00000,0x00000000eab00000,0x00000000fc000000)
  from space 19456K, 98% used [0x00000000fc000000,0x00000000fd2a23d8,0x00000000fd300000)
  to   space 33280K, 0% used [0x00000000fdf80000,0x00000000fdf80000,0x0000000100000000)
 ParOldGen       total 83456K, used 39600K [0x00000000c0000000, 0x00000000c5180000, 0x00000000eab00000)
  object space 83456K, 47% used [0x00000000c0000000,0x00000000c26ac398,0x00000000c5180000)
 Metaspace       used 68266K, capacity 70436K, committed 73904K, reserved 1114112K
  class space    used 8619K, capacity 9026K, committed 9904K, reserved 1048576K
Event: 6849.033 GC heap after
Heap after GC invocations=25 (full 6):
 PSYoungGen      total 303104K, used 0K [0x00000000eab00000, 0x0000000100000000, 0x0000000100000000)
  eden space 283648K, 0% used [0x00000000eab00000,0x00000000eab00000,0x00000000fc000000)
  from space 19456K, 0% used [0x00000000fc000000,0x00000000fc000000,0x00000000fd300000)
  to   space 33280K, 0% used [0x00000000fdf80000,0x00000000fdf80000,0x0000000100000000)
 ParOldGen       total 83456K, used 43846K [0x00000000c0000000, 0x00000000c5180000, 0x00000000eab00000)
  object space 83456K, 52% used [0x00000000c0000000,0x00000000c2ad1998,0x00000000c5180000)
 Metaspace       used 68266K, capacity 70436K, committed 73904K, reserved 1114112K
  class space    used 8619K, capacity 9026K, committed 9904K, reserved 1048576K
}
Event: 6936.837 GC heap before
{Heap before GC invocations=26 (full 6):
 PSYoungGen      total 303104K, used 283648K [0x00000000eab00000, 0x0000000100000000, 0x0000000100000000)
  eden space 283648K, 100% used [0x00000000eab00000,0x00000000fc000000,0x00000000fc000000)
  from space 19456K, 0% used [0x00000000fc000000,0x00000000fc000000,0x00000000fd300000)
  to   space 33280K, 0% used [0x00000000fdf80000,0x00000000fdf80000,0x0000000100000000)
 ParOldGen       total 83456K, used 43846K [0x00000000c0000000, 0x00000000c5180000, 0x00000000eab00000)
  object space 83456K, 52% used [0x00000000c0000000,0x00000000c2ad1998,0x00000000c5180000)
 Metaspace       used 68782K, capacity 71348K, committed 73904K, reserved 1114112K
  class space    used 8689K, capacity 9132K, committed 9904K, reserved 1048576K
Event: 6936.858 GC heap after
Heap after GC invocations=26 (full 6):
 PSYoungGen      total 316416K, used 3328K [0x00000000eab00000, 0x0000000100000000, 0x0000000100000000)
  eden space 283136K, 0% used [0x00000000eab00000,0x00000000eab00000,0x00000000fbf80000)
  from space 33280K, 10% used [0x00000000fdf80000,0x00000000fe2c0000,0x0000000100000000)
  to   space 32768K, 0% used [0x00000000fbf80000,0x00000000fbf80000,0x00000000fdf80000)
 ParOldGen       total 83456K, used 43854K [0x00000000c0000000, 0x00000000c5180000, 0x00000000eab00000)
  object space 83456K, 52% used [0x00000000c0000000,0x00000000c2ad3998,0x00000000c5180000)
 Metaspace       used 68782K, capacity 71348K, committed 73904K, reserved 1114112K
  class space    used 8689K, capacity 9132K, committed 9904K, reserved 1048576K
}
Event: 6973.094 GC heap before
{Heap before GC invocations=27 (full 6):
 PSYoungGen      total 316416K, used 286464K [0x00000000eab00000, 0x0000000100000000, 0x0000000100000000)
  eden space 283136K, 100% used [0x00000000eab00000,0x00000000fbf80000,0x00000000fbf80000)
  from space 33280K, 10% used [0x00000000fdf80000,0x00000000fe2c0000,0x0000000100000000)
  to   space 32768K, 0% used [0x00000000fbf80000,0x00000000fbf80000,0x00000000fdf80000)
 ParOldGen       total 83456K, used 43854K [0x00000000c0000000, 0x00000000c5180000, 0x00000000eab00000)
  object space 83456K, 52% used [0x00000000c0000000,0x00000000c2ad3998,0x00000000c5180000)
 Metaspace       used 69176K, capacity 71796K, committed 73904K, reserved 1114112K
  class space    used 8708K, capacity 9164K, committed 9904K, reserved 1048576K
Event: 6973.377 GC heap after
Heap after GC invocations=27 (full 6):
 PSYoungGen      total 306688K, used 23477K [0x00000000eab00000, 0x0000000100000000, 0x0000000100000000)
  eden space 283136K, 0% used [0x00000000eab00000,0x00000000eab00000,0x00000000fbf80000)
  from space 23552K, 99% used [0x00000000fbf80000,0x00000000fd66d6b0,0x00000000fd680000)
  to   space 35328K, 0% used [0x00000000fdd80000,0x00000000fdd80000,0x0000000100000000)
 ParOldGen       total 83456K, used 43854K [0x00000000c0000000, 0x00000000c5180000, 0x00000000eab00000)
  object space 83456K, 52% used [0x00000000c0000000,0x00000000c2ad3998,0x00000000c5180000)
 Metaspace       used 69176K, capacity 71796K, committed 73904K, reserved 1114112K
  class space    used 8708K, capacity 9164K, committed 9904K, reserved 1048576K
}

